2023.10.17 16:28:26 INFO  Started: Metals version 1.1.0 in folders '/Users/q/Grocery' for client Visual Studio Code 1.83.1.
2023.10.17 16:28:27 WARN  Build server is not auto-connectable.
2023.10.17 16:28:27 WARN  no build target for: /Users/q/Grocery/build.sbt
Oct 17, 2023 4:28:28 PM org.eclipse.lsp4j.jsonrpc.RemoteEndpoint handleCancellation
WARNING: Unmatched cancel notification for request id 6
2023.10.17 16:28:28 INFO  no build target found for /Users/q/Grocery/build.sbt. Using presentation compiler with project's scala-library version: 3.3.1
2023.10.17 16:28:29 INFO  time: code lens generation in 2.21s
2023.10.17 16:28:29 INFO  time: code lens generation in 1.2s
2023.10.17 16:29:00 WARN  no build target for: /Users/q/Grocery/build.sbt
2023.10.17 16:29:03 INFO  running '/Library/Java/JavaVirtualMachines/temurin-17.jdk/Contents/Home/bin/java -Djline.terminal=jline.UnsupportedTerminal -Dsbt.log.noformat=true -Dfile.encoding=UTF-8 -jar /var/folders/j2/3v2bm5f50lg1j048xdkhzpnw0000gn/T/metals6360224306497468918/sbt-launch.jar -Dbloop.export-jar-classifiers=sources bloopInstall'
2023.10.17 16:29:03 WARN  no build target for: /Users/q/Grocery/project/metals.sbt
2023.10.17 16:29:03 WARN  no build target for: /Users/q/Grocery/project/project/metals.sbt
2023.10.17 16:29:04 INFO  [info] welcome to sbt 1.7.2 (Eclipse Adoptium Java 17.0.8)
2023.10.17 16:29:04 INFO  [info] loading settings for project grocery-build-build-build from metals.sbt ...
2023.10.17 16:29:05 INFO  [info] loading project definition from /Users/q/Grocery/project/project/project
2023.10.17 16:29:06 INFO  [info] loading settings for project grocery-build-build from metals.sbt ...
2023.10.17 16:29:06 INFO  [info] loading project definition from /Users/q/Grocery/project/project
2023.10.17 16:29:07 INFO  [success] Generated .bloop/grocery-build-build.json
2023.10.17 16:29:07 INFO  [success] Total time: 2 s, completed Oct 17, 2023, 4:29:07 PM
2023.10.17 16:29:07 INFO  [info] loading settings for project grocery-build from metals.sbt,plugins.sbt ...
2023.10.17 16:29:07 INFO  [info] loading project definition from /Users/q/Grocery/project
2023.10.17 16:29:09 INFO  [success] Generated .bloop/grocery-build.json
2023.10.17 16:29:09 INFO  [info] compiling 1 Scala source to /Users/q/Grocery/project/target/scala-2.12/sbt-1.0/classes ...
2023.10.17 16:29:11 INFO  [info] done compiling
2023.10.17 16:29:11 INFO  [success] Total time: 3 s, completed Oct 17, 2023, 4:29:11 PM
2023.10.17 16:29:12 ERROR /Users/q/Grocery/build.sbt:11: warning: method sonatypeRepo in class ResolverFunctions is deprecated (since 1.7.0): Use sonatypeOssRepos instead e.g. `resolvers ++= Resolver.sonatypeOssRepos("snapshots")`
2023.10.17 16:29:12 ERROR resolvers += Resolver.sonatypeRepo("snapshots")
2023.10.17 16:29:12 ERROR                       ^
2023.10.17 16:29:12 ERROR /Users/q/Grocery/build.sbt:15: error: reassignment to val
2023.10.17 16:29:12 ERROR libraryDependencies = Seq(
2023.10.17 16:29:12 ERROR                     ^
2023.10.17 16:29:11 INFO  [error] Type error in expression
2023.10.17 16:29:11 INFO  [warn] Project loading failed: (r)etry, (q)uit, (l)ast, or (i)gnore? (default: r)
2023.10.17 16:29:12 INFO  time: ran 'sbt bloopInstall' in 9.07s
2023.10.17 16:29:12 ERROR sbt command failed: /Library/Java/JavaVirtualMachines/temurin-17.jdk/Contents/Home/bin/java -Djline.terminal=jline.UnsupportedTerminal -Dsbt.log.noformat=true -Dfile.encoding=UTF-8 -jar /var/folders/j2/3v2bm5f50lg1j048xdkhzpnw0000gn/T/metals6360224306497468918/sbt-launch.jar -Dbloop.export-jar-classifiers=sources bloopInstall
2023.10.17 16:29:12 INFO  skipping build import with status 'Dismissed'
2023.10.17 16:30:10 WARN  no build target for: /Users/q/Grocery/build.sbt
2023.10.17 16:30:10 INFO  skipping build import with status 'Dismissed'
2023.10.18 22:37:34 INFO  Shutting down server
2023.10.18 22:37:34 INFO  shutting down Metals
2023.10.18 22:37:34 INFO  Exiting server
2023.10.24 14:46:14 INFO  Started: Metals version 1.1.0 in folders '/Users/q/Grocery' for client Visual Studio Code 1.83.1.
2023.10.24 14:46:15 WARN  Build server is not auto-connectable.
2023.10.24 14:46:15 WARN  no build target for: /Users/q/Grocery/build.sbt
Oct 24, 2023 2:46:15 PM org.eclipse.lsp4j.jsonrpc.RemoteEndpoint handleCancellation
WARNING: Unmatched cancel notification for request id 6
2023.10.24 14:46:16 INFO  no build target found for /Users/q/Grocery/build.sbt. Using presentation compiler with project's scala-library version: 3.3.1
2023.10.24 14:46:17 INFO  time: code lens generation in 1.43s
2023.10.24 14:46:17 INFO  time: code lens generation in 2.25s
2023.10.24 14:59:32 WARN  no build target for: /Users/q/Grocery/ui-build.sbt
2023.10.26 09:24:41 INFO  Shutting down server
2023.10.26 09:24:41 INFO  shutting down Metals
2023.10.26 09:24:41 INFO  Exiting server
2023.10.31 14:41:16 INFO  Started: Metals version 1.1.0 in folders '/Users/q/Grocery' for client Visual Studio Code 1.83.1.
2023.10.31 14:41:17 WARN  Build server is not auto-connectable.
2023.10.31 14:41:32 INFO  running '/Library/Java/JavaVirtualMachines/temurin-17.jdk/Contents/Home/bin/java -Djline.terminal=jline.UnsupportedTerminal -Dsbt.log.noformat=true -Dfile.encoding=UTF-8 -jar /var/folders/j2/3v2bm5f50lg1j048xdkhzpnw0000gn/T/metals14871096004963864527/sbt-launch.jar -Dbloop.export-jar-classifiers=sources bloopInstall'
2023.10.31 14:41:32 INFO  [info] welcome to sbt 1.7.2 (Eclipse Adoptium Java 17.0.8)
2023.10.31 14:41:32 INFO  [info] loading settings for project grocery-build-build-build from metals.sbt ...
2023.10.31 14:41:32 INFO  [info] loading project definition from /Users/q/Grocery/project/project/project
2023.10.31 14:41:32 INFO  [info] loading settings for project grocery-build-build from metals.sbt ...
2023.10.31 14:41:32 INFO  [info] loading project definition from /Users/q/Grocery/project/project
2023.10.31 14:41:34 INFO  [success] Generated .bloop/grocery-build-build.json
2023.10.31 14:41:34 INFO  [success] Total time: 1 s, completed Oct 31, 2023, 2:41:34 PM
2023.10.31 14:41:34 INFO  [info] loading settings for project grocery-build from metals.sbt,plugins.sbt ...
2023.10.31 14:41:34 INFO  [info] loading project definition from /Users/q/Grocery/project
2023.10.31 14:41:34 INFO  [success] Generated .bloop/grocery-build.json
2023.10.31 14:41:34 INFO  [success] Total time: 0 s, completed Oct 31, 2023, 2:41:35 PM
2023.10.31 14:41:34 INFO  [info] loading settings for project root from build.sbt,ui-build.sbt ...
2023.10.31 14:41:34 INFO  [info]   __              __
2023.10.31 14:41:34 INFO  [info]   \ \     ____   / /____ _ __  __
2023.10.31 14:41:34 INFO  [info]    \ \   / __ \ / // __ `// / / /
2023.10.31 14:41:34 INFO  [info]    / /  / /_/ // // /_/ // /_/ /
2023.10.31 14:41:34 INFO  [info]   /_/  / .___//_/ \__,_/ \__, /
2023.10.31 14:41:34 INFO  [info]       /_/               /____/
2023.10.31 14:41:34 INFO  [info] 
2023.10.31 14:41:34 INFO  [info] Version 2.8.19 running Java 17.0.8
2023.10.31 14:41:34 INFO  [info] 
2023.10.31 14:41:34 INFO  [info] Play is run entirely by the community. Please consider contributing and/or donating:
2023.10.31 14:41:34 INFO  [info] https://www.playframework.com/sponsors
2023.10.31 14:41:34 INFO  [info] 
2023.10.31 14:41:34 INFO  [info] Running Play on Java 17 is experimental. Tweaks are necessary:
2023.10.31 14:41:34 INFO  [info] https://github.com/playframework/playframework/releases/2.8.15
2023.10.31 14:41:34 INFO  [info] 
2023.10.31 14:41:38 INFO  [success] Generated .bloop/root.json
2023.10.31 14:41:38 INFO  [success] Generated .bloop/root-test.json
2023.10.31 14:41:38 INFO  [success] Total time: 3 s, completed Oct 31, 2023, 2:41:38 PM
2023.10.31 14:41:38 INFO  time: ran 'sbt bloopInstall' in 6.34s
2023.10.31 14:41:38 INFO  Attempting to connect to the build server...
2023.10.31 14:41:38 INFO  Bloop uses /Library/Java/JavaVirtualMachines/temurin-17.jdk/Contents/Home defined at /Users/q/.bloop/bloop.json
2023.10.31 14:41:38 INFO  tracing is disabled for protocol BSP, to enable tracing of incoming and outgoing JSON messages create an empty file at /Users/q/Grocery/.metals/bsp.trace.json or /Users/q/Library/Caches/org.scalameta.metals/bsp.trace.json
2023.10.31 14:41:42 INFO  Attempting to connect to the build server...
2023.10.31 14:41:42 INFO  Bloop uses /Library/Java/JavaVirtualMachines/temurin-17.jdk/Contents/Home defined at /Users/q/.bloop/bloop.json
2023.10.31 14:41:42 INFO  Attempting to connect to the build server...
2023.10.31 14:41:42 INFO  Bloop uses /Library/Java/JavaVirtualMachines/temurin-17.jdk/Contents/Home defined at /Users/q/.bloop/bloop.json
2023.10.31 14:41:42 INFO  tracing is disabled for protocol BSP, to enable tracing of incoming and outgoing JSON messages create an empty file at /Users/q/Grocery/project/project/.metals/bsp.trace.json or /Users/q/Library/Caches/org.scalameta.metals/bsp.trace.json
2023.10.31 14:41:42 INFO  tracing is disabled for protocol BSP, to enable tracing of incoming and outgoing JSON messages create an empty file at /Users/q/Grocery/project/.metals/bsp.trace.json or /Users/q/Library/Caches/org.scalameta.metals/bsp.trace.json
2023.10.31 14:41:44 INFO  time: Connected to build server in 5.77s
2023.10.31 14:41:44 INFO  Connected to Build server: Bloop v1.5.11
2023.10.31 14:41:45 INFO  Required scalafmt dialect rewrite to 'scala213'. Directories:
- app
- test
- target/scala-2.13/routes/main
2023.10.31 14:41:49 INFO  time: indexed workspace in 4.86s
2023.11.03 10:39:27 INFO  Started: Metals version 1.1.0 in folders '/Users/q/Grocery' for client Visual Studio Code 1.84.0.
2023.11.03 10:39:28 INFO  Attempting to connect to the build server...
2023.11.03 10:39:28 INFO  Bloop uses /Library/Java/JavaVirtualMachines/temurin-17.jdk/Contents/Home defined at /Users/q/.bloop/bloop.json
2023.11.03 10:39:28 INFO  tracing is disabled for protocol BSP, to enable tracing of incoming and outgoing JSON messages create an empty file at /Users/q/Grocery/.metals/bsp.trace.json or /Users/q/Library/Caches/org.scalameta.metals/bsp.trace.json
2023.11.03 10:39:28 INFO  Attempting to connect to the build server...
2023.11.03 10:39:28 INFO  Bloop uses /Library/Java/JavaVirtualMachines/temurin-17.jdk/Contents/Home defined at /Users/q/.bloop/bloop.json
2023.11.03 10:39:28 INFO  Attempting to connect to the build server...
2023.11.03 10:39:28 INFO  Bloop uses /Library/Java/JavaVirtualMachines/temurin-17.jdk/Contents/Home defined at /Users/q/.bloop/bloop.json
2023.11.03 10:39:28 INFO  tracing is disabled for protocol BSP, to enable tracing of incoming and outgoing JSON messages create an empty file at /Users/q/Grocery/project/project/.metals/bsp.trace.json or /Users/q/Library/Caches/org.scalameta.metals/bsp.trace.json
2023.11.03 10:39:29 INFO  tracing is disabled for protocol BSP, to enable tracing of incoming and outgoing JSON messages create an empty file at /Users/q/Grocery/project/.metals/bsp.trace.json or /Users/q/Library/Caches/org.scalameta.metals/bsp.trace.json
2023.11.03 10:39:29 INFO  time: Connected to build server in 0.6s
2023.11.03 10:39:29 INFO  Connected to Build server: Bloop v1.5.11
2023.11.03 10:39:31 INFO  running '/Library/Java/JavaVirtualMachines/temurin-17.jdk/Contents/Home/bin/java -Djline.terminal=jline.UnsupportedTerminal -Dsbt.log.noformat=true -Dfile.encoding=UTF-8 -jar /var/folders/j2/3v2bm5f50lg1j048xdkhzpnw0000gn/T/metals16588779304314477318/sbt-launch.jar -Dbloop.export-jar-classifiers=sources bloopInstall'
2023.11.03 10:39:32 INFO  no build target found for /Users/q/Grocery/project/FrontendCommands.scala. Using presentation compiler with project's scala-library version: 3.3.1
2023.11.03 10:39:32 INFO  [info] welcome to sbt 1.7.2 (Eclipse Adoptium Java 17.0.8)
2023.11.03 10:39:32 INFO  time: Imported build in 0.13s
2023.11.03 10:39:32 INFO  Required scalafmt dialect rewrite to 'scala213'. Directories:
- app
- test
- target/scala-2.13/routes/main
2023.11.03 10:39:32 INFO  [info] loading settings for project grocery-build-build-build from metals.sbt ...
2023.11.03 10:39:33 INFO  [info] loading project definition from /Users/q/Grocery/project/project/project
2023.11.03 10:39:35 INFO  [info] loading settings for project grocery-build-build from metals.sbt ...
2023.11.03 10:39:35 INFO  [info] loading project definition from /Users/q/Grocery/project/project
2023.11.03 10:39:36 INFO  time: indexed workspace in 4.09s
2023.11.03 10:39:37 INFO  [success] Generated .bloop/grocery-build-build.json
2023.11.03 10:39:37 INFO  [warn] Removed stale /Users/q/Grocery/project/project/.bloop/play-scala-react-seed-build-build.json
2023.11.03 10:39:37 INFO  [success] Total time: 2 s, completed Nov 3, 2023, 10:39:37 AM
2023.11.03 10:39:38 INFO  [info] loading settings for project grocery-build from metals.sbt,plugins.sbt ...
2023.11.03 10:39:38 INFO  [info] loading project definition from /Users/q/Grocery/project
2023.11.03 10:39:40 INFO  [success] Generated .bloop/grocery-build.json
2023.11.03 10:39:40 INFO  [info] compiling 2 Scala sources to /Users/q/Grocery/project/target/scala-2.12/sbt-1.0/classes ...
2023.11.03 10:39:43 INFO  [info] done compiling
2023.11.03 10:39:43 INFO  [warn] Removed stale /Users/q/Grocery/project/.bloop/play-scala-react-seed-build.json
2023.11.03 10:39:43 INFO  [success] Total time: 5 s, completed Nov 3, 2023, 10:39:43 AM
2023.11.03 10:39:44 ERROR /Users/q/Grocery/build.sbt:11: warning: method sonatypeRepo in class ResolverFunctions is deprecated (since 1.7.0): Use sonatypeOssRepos instead e.g. `resolvers ++= Resolver.sonatypeOssRepos("snapshots")`
2023.11.03 10:39:44 ERROR resolvers += Resolver.sonatypeRepo("snapshots")
2023.11.03 10:39:44 ERROR                       ^
2023.11.03 10:39:45 ERROR /Users/q/Grocery/ui-build.sbt:108: warning: method in in trait ScopingSetting is deprecated (since 1.5.0): `in` is deprecated; migrate to slash syntax - https://www.scala-sbt.org/1.x/docs/Migrating-from-sbt-013x.html#slash
2023.11.03 10:39:45 ERROR test := ((test in Test) dependsOn `ui-test`).value
2023.11.03 10:39:45 ERROR                ^
2023.11.03 10:39:45 INFO  [info] loading settings for project root from build.sbt,ui-build.sbt ...
2023.11.03 10:39:45 INFO  [info]   __              __
2023.11.03 10:39:45 INFO  [info]   \ \     ____   / /____ _ __  __
2023.11.03 10:39:45 INFO  [info]    \ \   / __ \ / // __ `// / / /
2023.11.03 10:39:45 INFO  [info]    / /  / /_/ // // /_/ // /_/ /
2023.11.03 10:39:45 INFO  [info]   /_/  / .___//_/ \__,_/ \__, /
2023.11.03 10:39:45 INFO  [info]       /_/               /____/
2023.11.03 10:39:45 INFO  [info] 
2023.11.03 10:39:45 INFO  [info] Version 2.9.0 running Java 17.0.8
2023.11.03 10:39:45 INFO  [info] 
2023.11.03 10:39:45 INFO  [info] Play is run entirely by the community. Please consider contributing and/or donating:
2023.11.03 10:39:45 INFO  [info] https://www.playframework.com/sponsors
2023.11.03 10:39:45 INFO  [info] 
2023.11.03 10:39:46 INFO  compiling root (7 scala sources and 1 java source)
2023.11.03 10:39:46 INFO  [success] Generated .bloop/root.json
2023.11.03 10:39:46 INFO  [success] Generated .bloop/root-test.json
2023.11.03 10:39:46 INFO  [success] Total time: 1 s, completed Nov 3, 2023, 10:39:46 AM
2023.11.03 10:39:46 INFO  time: ran 'sbt bloopInstall' in 15s
2023.11.03 10:39:46 INFO  Disconnecting from Bloop session...
2023.11.03 10:39:46 INFO  Shut down connection with build server.
2023.11.03 10:39:47 INFO  Shut down connection with build server.
2023.11.03 10:39:47 INFO  Shut down connection with build server.
2023.11.03 10:39:47 INFO  Cancelling compilation on Bloop server
Nov 03, 2023 10:39:47 AM org.eclipse.lsp4j.jsonrpc.RemoteEndpoint notify
INFO: Failed to send notification message.
org.eclipse.lsp4j.jsonrpc.JsonRpcException: java.nio.channels.AsynchronousCloseException
	at org.eclipse.lsp4j.jsonrpc.json.StreamMessageConsumer.consume(StreamMessageConsumer.java:72)
	at scala.meta.internal.metals.RequestMonitorImpl$$anon$1.consume(ServerLivenessMonitor.scala:41)
	at org.eclipse.lsp4j.jsonrpc.RemoteEndpoint.notify(RemoteEndpoint.java:126)
	at org.eclipse.lsp4j.jsonrpc.RemoteEndpoint.sendCancelNotification(RemoteEndpoint.java:180)
	at org.eclipse.lsp4j.jsonrpc.RemoteEndpoint$1.cancel(RemoteEndpoint.java:150)
	at scala.meta.internal.metals.BuildServerConnection.$anonfun$register$2(BuildServerConnection.scala:361)
	at scala.runtime.java8.JFunction0$mcZ$sp.apply(JFunction0$mcZ$sp.scala:17)
	at scala.util.Try$.apply(Try.scala:210)
	at scala.meta.internal.metals.BuildServerConnection.$anonfun$register$1(BuildServerConnection.scala:361)
	at scala.meta.internal.metals.Cancelable$$anon$1.cancel(Cancelable.scala:18)
	at scala.meta.internal.metals.Cancelable$.$anonfun$cancelAll$1(Cancelable.scala:29)
	at scala.collection.immutable.List.foreach(List.scala:333)
	at scala.meta.internal.metals.Cancelable$.cancelAll(Cancelable.scala:28)
	at scala.meta.internal.metals.MutableCancelable.cancel(MutableCancelable.scala:25)
	at scala.meta.internal.metals.BuildServerConnection.cancel(BuildServerConnection.scala:301)
	at scala.meta.internal.metals.BuildServerConnection.$anonfun$shutdown$1(BuildServerConnection.scala:139)
	at scala.meta.internal.metals.BuildServerConnection.$anonfun$shutdown$1$adapted(BuildServerConnection.scala:131)
	at scala.concurrent.impl.Promise$Transformation.run(Promise.scala:467)
	at java.base/java.util.concurrent.ThreadPoolExecutor.runWorker(ThreadPoolExecutor.java:1136)
	at java.base/java.util.concurrent.ThreadPoolExecutor$Worker.run(ThreadPoolExecutor.java:635)
	at java.base/java.lang.Thread.run(Thread.java:833)
Caused by: java.nio.channels.AsynchronousCloseException
	at java.base/java.nio.channels.spi.AbstractInterruptibleChannel.end(AbstractInterruptibleChannel.java:202)
	at java.base/sun.nio.ch.SinkChannelImpl.endWrite(SinkChannelImpl.java:263)
	at java.base/sun.nio.ch.SinkChannelImpl.write(SinkChannelImpl.java:285)
	at java.base/java.nio.channels.Channels.writeFullyImpl(Channels.java:74)
	at java.base/java.nio.channels.Channels.writeFully(Channels.java:93)
	at java.base/java.nio.channels.Channels$1.write(Channels.java:171)
	at java.base/java.io.OutputStream.write(OutputStream.java:127)
	at java.base/java.nio.channels.Channels$1.write(Channels.java:151)
	at scala.meta.internal.metals.ClosableOutputStream.write(ClosableOutputStream.scala:26)
	at java.base/java.io.FilterOutputStream.write(FilterOutputStream.java:137)
	at java.base/java.io.FilterOutputStream.write(FilterOutputStream.java:108)
	at org.eclipse.lsp4j.jsonrpc.json.StreamMessageConsumer.consume(StreamMessageConsumer.java:67)
	... 20 more

2023.11.03 10:39:47 INFO  Failed to run request with params ScalaMainClassesResult
2023.11.03 10:39:47 INFO  Bloop should support `buildTarget/jvmRunEnvironment`, but it fails.
2023.11.03 10:39:47 INFO  Attempting to connect to the build server...
2023.11.03 10:39:47 INFO  Bloop uses /Library/Java/JavaVirtualMachines/temurin-17.jdk/Contents/Home defined at /Users/q/.bloop/bloop.json
2023.11.03 10:39:47 INFO  tracing is disabled for protocol BSP, to enable tracing of incoming and outgoing JSON messages create an empty file at /Users/q/Grocery/.metals/bsp.trace.json or /Users/q/Library/Caches/org.scalameta.metals/bsp.trace.json
2023.11.03 10:39:47 INFO  Attempting to connect to the build server...
2023.11.03 10:39:47 INFO  Bloop uses /Library/Java/JavaVirtualMachines/temurin-17.jdk/Contents/Home defined at /Users/q/.bloop/bloop.json
2023.11.03 10:39:47 INFO  Attempting to connect to the build server...
2023.11.03 10:39:47 INFO  Bloop uses /Library/Java/JavaVirtualMachines/temurin-17.jdk/Contents/Home defined at /Users/q/.bloop/bloop.json
2023.11.03 10:39:47 INFO  tracing is disabled for protocol BSP, to enable tracing of incoming and outgoing JSON messages create an empty file at /Users/q/Grocery/project/project/.metals/bsp.trace.json or /Users/q/Library/Caches/org.scalameta.metals/bsp.trace.json
2023.11.03 10:39:47 INFO  tracing is disabled for protocol BSP, to enable tracing of incoming and outgoing JSON messages create an empty file at /Users/q/Grocery/project/.metals/bsp.trace.json or /Users/q/Library/Caches/org.scalameta.metals/bsp.trace.json
2023.11.03 10:39:47 INFO  time: Connected to build server in 0.23s
2023.11.03 10:39:47 INFO  Connected to Build server: Bloop v1.5.11
2023.11.03 10:39:48 WARN  javac exited with exit code 1
2023.11.03 10:39:48 INFO  time: indexed workspace in 1.15s
2023.11.03 10:39:48 INFO  compiling grocery-build (2 scala sources)
2023.11.03 10:39:49 INFO  time: compiled grocery-build in 1.05s
2023.11.03 10:42:42 INFO  Shutting down server
2023.11.03 10:42:42 INFO  shutting down Metals
2023.11.03 10:42:42 INFO  Shut down connection with build server.
2023.11.03 10:42:42 INFO  Shut down connection with build server.
2023.11.03 10:42:42 INFO  Shut down connection with build server.
2023.11.03 10:42:42 INFO  Exiting server
2023.11.03 10:44:26 INFO  Started: Metals version 1.1.0 in folders '/Users/q/Grocery' for client Visual Studio Code 1.84.0.
2023.11.03 10:44:27 INFO  Attempting to connect to the build server...
2023.11.03 10:44:27 INFO  Bloop uses /Library/Java/JavaVirtualMachines/temurin-17.jdk/Contents/Home defined at /Users/q/.bloop/bloop.json
2023.11.03 10:44:27 INFO  skipping build import with status 'Installed'
2023.11.03 10:44:27 INFO  tracing is disabled for protocol BSP, to enable tracing of incoming and outgoing JSON messages create an empty file at /Users/q/Grocery/.metals/bsp.trace.json or /Users/q/Library/Caches/org.scalameta.metals/bsp.trace.json
2023.11.03 10:44:27 INFO  Attempting to connect to the build server...
2023.11.03 10:44:27 INFO  Bloop uses /Library/Java/JavaVirtualMachines/temurin-17.jdk/Contents/Home defined at /Users/q/.bloop/bloop.json
2023.11.03 10:44:27 INFO  Attempting to connect to the build server...
2023.11.03 10:44:27 INFO  Bloop uses /Library/Java/JavaVirtualMachines/temurin-17.jdk/Contents/Home defined at /Users/q/.bloop/bloop.json
2023.11.03 10:44:27 INFO  tracing is disabled for protocol BSP, to enable tracing of incoming and outgoing JSON messages create an empty file at /Users/q/Grocery/project/project/.metals/bsp.trace.json or /Users/q/Library/Caches/org.scalameta.metals/bsp.trace.json
2023.11.03 10:44:27 INFO  tracing is disabled for protocol BSP, to enable tracing of incoming and outgoing JSON messages create an empty file at /Users/q/Grocery/project/.metals/bsp.trace.json or /Users/q/Library/Caches/org.scalameta.metals/bsp.trace.json
2023.11.03 10:44:27 INFO  time: Connected to build server in 0.7s
2023.11.03 10:44:27 INFO  Connected to Build server: Bloop v1.5.11
2023.11.03 10:44:30 INFO  no build target found for /Users/q/Grocery/project/FrontendCommands.scala. Using presentation compiler with project's scala-library version: 3.3.1
2023.11.03 10:44:30 INFO  time: Imported build in 0.1s
2023.11.03 10:44:33 INFO  time: indexed workspace in 2.41s
2023.11.03 10:44:33 INFO  compiling play-scala-react-seed-build (2 scala sources)
2023.11.03 10:44:37 INFO  time: compiled play-scala-react-seed-build in 3.87s
2023.11.03 10:45:17 INFO  compiling root (7 scala sources and 1 java source)
2023.11.03 10:45:21 INFO  time: compiled root in 3.42s
2023.11.03 10:50:54 ERROR Build server error: No project associated with Uri(file:/Users/q/play-scala-react-seed/project/?id=play-scala-react-seed-build)
2023.11.03 10:50:54 INFO  {
  "jsonrpc": "2.0",
  "id": "21",
  "error": {
    "code": -32600,
    "message": "No project associated with Uri(file:/Users/q/play-scala-react-seed/project/?id\u003dplay-scala-react-seed-build)"
  }
}
Nov 03, 2023 12:32:23 PM org.eclipse.lsp4j.jsonrpc.services.GenericEndpoint notify
INFO: Unsupported notification method: $/setTrace
2023.11.03 13:08:08 INFO  compiling root-test (1 scala source)
2023.11.03 13:08:10 INFO  time: compiled root-test in 2.59s
2023.11.04 11:41:59 INFO  Shutting down server
2023.11.04 11:41:59 INFO  shutting down Metals
2023.11.04 11:42:00 INFO  Shut down connection with build server.
2023.11.04 11:42:00 INFO  Shut down connection with build server.
2023.11.04 11:42:00 INFO  Shut down connection with build server.
2023.11.07 14:08:01 INFO  Started: Metals version 1.1.0 in folders '/Users/q/Grocery' for client Visual Studio Code 1.84.0.
2023.11.07 14:08:02 INFO  Attempting to connect to the build server...
2023.11.07 14:08:02 INFO  Bloop uses /Library/Java/JavaVirtualMachines/temurin-17.jdk/Contents/Home defined at /Users/q/.bloop/bloop.json
2023.11.07 14:08:02 INFO  skipping build import with status 'Installed'
2023.11.07 14:08:02 INFO  tracing is disabled for protocol BSP, to enable tracing of incoming and outgoing JSON messages create an empty file at /Users/q/Grocery/.metals/bsp.trace.json or /Users/q/Library/Caches/org.scalameta.metals/bsp.trace.json
2023.11.07 14:08:02 INFO  Attempting to connect to the build server...
2023.11.07 14:08:02 INFO  Bloop uses /Library/Java/JavaVirtualMachines/temurin-17.jdk/Contents/Home defined at /Users/q/.bloop/bloop.json
2023.11.07 14:08:02 INFO  Attempting to connect to the build server...
2023.11.07 14:08:02 INFO  Bloop uses /Library/Java/JavaVirtualMachines/temurin-17.jdk/Contents/Home defined at /Users/q/.bloop/bloop.json
2023.11.07 14:08:02 INFO  tracing is disabled for protocol BSP, to enable tracing of incoming and outgoing JSON messages create an empty file at /Users/q/Grocery/project/project/.metals/bsp.trace.json or /Users/q/Library/Caches/org.scalameta.metals/bsp.trace.json
2023.11.07 14:08:02 INFO  tracing is disabled for protocol BSP, to enable tracing of incoming and outgoing JSON messages create an empty file at /Users/q/Grocery/project/.metals/bsp.trace.json or /Users/q/Library/Caches/org.scalameta.metals/bsp.trace.json
2023.11.07 14:08:02 INFO  time: Connected to build server in 0.6s
2023.11.07 14:08:02 INFO  Connected to Build server: Bloop v1.5.11
2023.11.07 14:08:06 INFO  time: indexed workspace in 3.49s
2023.11.07 23:25:14 INFO  Shutting down server
2023.11.07 23:25:14 INFO  shutting down Metals
2023.11.07 23:25:14 INFO  Shut down connection with build server.
2023.11.07 23:25:14 INFO  Shut down connection with build server.
2023.11.07 23:25:14 INFO  Shut down connection with build server.
2023.11.07 23:25:14 INFO  Exiting server
2023.11.09 14:58:28 INFO  Started: Metals version 1.1.0 in folders '/Users/q/Grocery' for client Visual Studio Code 1.84.1.
2023.11.09 14:58:28 INFO  Attempting to connect to the build server...
2023.11.09 14:58:28 INFO  Bloop uses /Library/Java/JavaVirtualMachines/temurin-17.jdk/Contents/Home defined at /Users/q/.bloop/bloop.json
2023.11.09 14:58:28 INFO  skipping build import with status 'Installed'
2023.11.09 14:58:30 INFO  tracing is disabled for protocol BSP, to enable tracing of incoming and outgoing JSON messages create an empty file at /Users/q/Grocery/.metals/bsp.trace.json or /Users/q/Library/Caches/org.scalameta.metals/bsp.trace.json
2023.11.09 14:58:30 INFO  Attempting to connect to the build server...
2023.11.09 14:58:30 INFO  Bloop uses /Library/Java/JavaVirtualMachines/temurin-17.jdk/Contents/Home defined at /Users/q/.bloop/bloop.json
2023.11.09 14:58:30 INFO  Attempting to connect to the build server...
2023.11.09 14:58:30 INFO  Bloop uses /Library/Java/JavaVirtualMachines/temurin-17.jdk/Contents/Home defined at /Users/q/.bloop/bloop.json
2023.11.09 14:58:30 INFO  tracing is disabled for protocol BSP, to enable tracing of incoming and outgoing JSON messages create an empty file at /Users/q/Grocery/project/project/.metals/bsp.trace.json or /Users/q/Library/Caches/org.scalameta.metals/bsp.trace.json
2023.11.09 14:58:30 INFO  tracing is disabled for protocol BSP, to enable tracing of incoming and outgoing JSON messages create an empty file at /Users/q/Grocery/project/.metals/bsp.trace.json or /Users/q/Library/Caches/org.scalameta.metals/bsp.trace.json
2023.11.09 14:58:30 INFO  time: Connected to build server in 2s
2023.11.09 14:58:30 INFO  Connected to Build server: Bloop v1.5.11
2023.11.09 14:58:32 INFO  time: indexed workspace in 2.18s
2023.11.09 16:15:45 INFO  Shutting down server
2023.11.09 16:15:45 INFO  shutting down Metals
2023.11.09 16:15:45 INFO  Shut down connection with build server.
2023.11.09 16:15:45 INFO  Shut down connection with build server.
2023.11.09 16:15:45 INFO  Shut down connection with build server.
2023.11.09 16:15:45 INFO  Exiting server
2023.11.10 12:11:18 INFO  Started: Metals version 1.1.0 in folders '/Users/q/Grocery' for client Visual Studio Code 1.84.1.
2023.11.10 12:11:18 INFO  Attempting to connect to the build server...
2023.11.10 12:11:18 INFO  Bloop uses /Library/Java/JavaVirtualMachines/temurin-17.jdk/Contents/Home defined at /Users/q/.bloop/bloop.json
2023.11.10 12:11:18 INFO  skipping build import with status 'Installed'
2023.11.10 12:11:18 INFO  tracing is disabled for protocol BSP, to enable tracing of incoming and outgoing JSON messages create an empty file at /Users/q/Grocery/.metals/bsp.trace.json or /Users/q/Library/Caches/org.scalameta.metals/bsp.trace.json
2023.11.10 12:11:18 INFO  Attempting to connect to the build server...
2023.11.10 12:11:18 INFO  Bloop uses /Library/Java/JavaVirtualMachines/temurin-17.jdk/Contents/Home defined at /Users/q/.bloop/bloop.json
2023.11.10 12:11:18 INFO  Attempting to connect to the build server...
2023.11.10 12:11:18 INFO  Bloop uses /Library/Java/JavaVirtualMachines/temurin-17.jdk/Contents/Home defined at /Users/q/.bloop/bloop.json
2023.11.10 12:11:18 INFO  tracing is disabled for protocol BSP, to enable tracing of incoming and outgoing JSON messages create an empty file at /Users/q/Grocery/project/project/.metals/bsp.trace.json or /Users/q/Library/Caches/org.scalameta.metals/bsp.trace.json
2023.11.10 12:11:19 INFO  tracing is disabled for protocol BSP, to enable tracing of incoming and outgoing JSON messages create an empty file at /Users/q/Grocery/project/.metals/bsp.trace.json or /Users/q/Library/Caches/org.scalameta.metals/bsp.trace.json
2023.11.10 12:11:19 INFO  time: Connected to build server in 0.34s
2023.11.10 12:11:19 INFO  Connected to Build server: Bloop v1.5.11
2023.11.10 12:11:21 INFO  time: indexed workspace in 2.12s
2023.11.14 11:41:35 INFO  Shutting down server
2023.11.14 11:41:35 INFO  shutting down Metals
2023.11.14 11:41:36 INFO  Shut down connection with build server.
2023.11.14 11:41:36 INFO  Shut down connection with build server.
2023.11.14 11:41:36 INFO  Shut down connection with build server.
2023.11.14 11:41:35 INFO  Exiting server
2023.11.14 14:09:36 INFO  Started: Metals version 1.1.0 in folders '/Users/q/Grocery' for client Visual Studio Code 1.84.1.
2023.11.14 14:09:36 INFO  Attempting to connect to the build server...
2023.11.14 14:09:36 INFO  Bloop uses /Library/Java/JavaVirtualMachines/temurin-17.jdk/Contents/Home defined at /Users/q/.bloop/bloop.json
2023.11.14 14:09:36 INFO  skipping build import with status 'Installed'
2023.11.14 14:09:36 INFO  tracing is disabled for protocol BSP, to enable tracing of incoming and outgoing JSON messages create an empty file at /Users/q/Grocery/.metals/bsp.trace.json or /Users/q/Library/Caches/org.scalameta.metals/bsp.trace.json
2023.11.14 14:09:36 INFO  Attempting to connect to the build server...
2023.11.14 14:09:36 INFO  Bloop uses /Library/Java/JavaVirtualMachines/temurin-17.jdk/Contents/Home defined at /Users/q/.bloop/bloop.json
2023.11.14 14:09:36 INFO  Attempting to connect to the build server...
2023.11.14 14:09:36 INFO  Bloop uses /Library/Java/JavaVirtualMachines/temurin-17.jdk/Contents/Home defined at /Users/q/.bloop/bloop.json
2023.11.14 14:09:36 INFO  tracing is disabled for protocol BSP, to enable tracing of incoming and outgoing JSON messages create an empty file at /Users/q/Grocery/project/project/.metals/bsp.trace.json or /Users/q/Library/Caches/org.scalameta.metals/bsp.trace.json
2023.11.14 14:09:37 INFO  tracing is disabled for protocol BSP, to enable tracing of incoming and outgoing JSON messages create an empty file at /Users/q/Grocery/project/.metals/bsp.trace.json or /Users/q/Library/Caches/org.scalameta.metals/bsp.trace.json
2023.11.14 14:09:37 INFO  time: Connected to build server in 0.48s
2023.11.14 14:09:37 INFO  Connected to Build server: Bloop v1.5.11
2023.11.14 14:09:39 INFO  time: indexed workspace in 2.15s
2023.11.15 15:57:40 INFO  Shutting down server
2023.11.15 15:57:40 INFO  shutting down Metals
2023.11.15 15:57:41 INFO  Shut down connection with build server.
2023.11.15 15:57:41 INFO  Shut down connection with build server.
2023.11.15 15:57:41 INFO  Shut down connection with build server.
2023.11.15 15:57:41 INFO  Exiting server
2023.11.16 00:35:47 INFO  Started: Metals version 1.1.0 in folders '/Users/q/Grocery' for client Visual Studio Code 1.84.2.
2023.11.16 00:35:48 INFO  Attempting to connect to the build server...
2023.11.16 00:35:48 INFO  Bloop uses /Library/Java/JavaVirtualMachines/temurin-17.jdk/Contents/Home defined at /Users/q/.bloop/bloop.json
2023.11.16 00:35:48 INFO  skipping build import with status 'Installed'
2023.11.16 00:35:49 INFO  tracing is disabled for protocol BSP, to enable tracing of incoming and outgoing JSON messages create an empty file at /Users/q/Grocery/.metals/bsp.trace.json or /Users/q/Library/Caches/org.scalameta.metals/bsp.trace.json
2023.11.16 00:35:49 INFO  Attempting to connect to the build server...
2023.11.16 00:35:49 INFO  Bloop uses /Library/Java/JavaVirtualMachines/temurin-17.jdk/Contents/Home defined at /Users/q/.bloop/bloop.json
2023.11.16 00:35:49 INFO  Attempting to connect to the build server...
2023.11.16 00:35:49 INFO  Bloop uses /Library/Java/JavaVirtualMachines/temurin-17.jdk/Contents/Home defined at /Users/q/.bloop/bloop.json
2023.11.16 00:35:49 INFO  tracing is disabled for protocol BSP, to enable tracing of incoming and outgoing JSON messages create an empty file at /Users/q/Grocery/project/.metals/bsp.trace.json or /Users/q/Library/Caches/org.scalameta.metals/bsp.trace.json
2023.11.16 00:35:49 INFO  tracing is disabled for protocol BSP, to enable tracing of incoming and outgoing JSON messages create an empty file at /Users/q/Grocery/project/project/.metals/bsp.trace.json or /Users/q/Library/Caches/org.scalameta.metals/bsp.trace.json
2023.11.16 00:35:49 INFO  time: Connected to build server in 1.41s
2023.11.16 00:35:49 INFO  Connected to Build server: Bloop v1.5.11
2023.11.16 00:35:49 INFO  time: Imported build in 0.23s
2023.11.16 00:35:52 INFO  time: indexed workspace in 2.75s
